<?xml version="1.0" encoding="UTF-8"?>
<!-- Generated by org.testng.reporters.JUnitReportReporter -->
<testsuite skipped="0" hostname="DESKTOP-AFJ3M2K" name="Testcases.RegUser" tests="1" failures="0" timestamp="27 May 2022 09:04:07 GMT" time="8.545" errors="0">
  <testcase name="RegisterUser" time="8.545" classname="Testcases.RegUser"/>
</testsuite> <!-- Testcases.RegUser -->
